16:59:34.928 [main] DEBUG org.apache.poi.openxml4j.opc.PackageRelationshipCollection - Parsing relationship: /_rels/.rels
16:59:34.956 [main] DEBUG org.apache.poi.openxml4j.opc.PackageRelationshipCollection - Parsing relationship: /xl/_rels/workbook.xml.rels
16:59:34.956 [main] DEBUG org.apache.poi.openxml4j.opc.PackageRelationshipCollection - Parsing relationship: /xl/worksheets/_rels/sheet1.xml.rels
16:59:34.956 [main] DEBUG org.apache.poi.openxml4j.opc.PackageRelationshipCollection - Parsing relationship: /_rels/.rels
16:59:34.975 [main] INFO  testcases.TC003LoginDataDrivenTC - ************Starting TC003LoginDataDrivenTC************ 
16:59:35.713 [main] INFO  testcases.TC003LoginDataDrivenTC - enter email, password and click login button
16:59:41.103 [main] INFO  testcases.TC003LoginDataDrivenTC - ****************Test Case completed**********************
16:59:41.111 [main] INFO  testcases.TC003LoginDataDrivenTC - ************Starting TC003LoginDataDrivenTC************ 
16:59:41.801 [main] INFO  testcases.TC003LoginDataDrivenTC - enter email, password and click login button
16:59:47.401 [main] INFO  testcases.TC003LoginDataDrivenTC - ****************Test Case completed**********************
16:59:47.412 [main] INFO  testcases.TC003LoginDataDrivenTC - ************Starting TC003LoginDataDrivenTC************ 
16:59:48.068 [main] INFO  testcases.TC003LoginDataDrivenTC - enter email, password and click login button
16:59:53.912 [main] INFO  testcases.TC003LoginDataDrivenTC - ****************Test Case completed**********************
16:59:53.919 [main] INFO  testcases.TC003LoginDataDrivenTC - ************Starting TC003LoginDataDrivenTC************ 
16:59:54.528 [main] INFO  testcases.TC003LoginDataDrivenTC - enter email, password and click login button
17:00:00.061 [main] INFO  testcases.TC003LoginDataDrivenTC - ****************Test Case completed**********************
17:00:00.066 [main] INFO  testcases.TC003LoginDataDrivenTC - ************Starting TC003LoginDataDrivenTC************ 
17:00:00.782 [main] INFO  testcases.TC003LoginDataDrivenTC - enter email, password and click login button
17:00:08.860 [main] INFO  testcases.TC003LoginDataDrivenTC - ****************Test Case completed**********************
17:40:36.458 [main] DEBUG org.testng.TestNG - suiteXmlPath: "C:\Users\Moham\OneDrive\Documents\Shayesta\JavaSeleniumProject1\OpenCart\test-output\grouping.xml"
17:40:36.479 [main] WARN  org.testng.xml.TestNGContentHandler - It is strongly recommended to add "<!DOCTYPE suite SYSTEM "https://testng.org/testng-1.1.dtd" >" at the top of the suite file [C:\Users\Moham\OneDrive\Documents\Shayesta\JavaSeleniumProject1\OpenCart\test-output\grouping.xml] otherwise TestNG may fail or not work as expected.
17:40:36.742 [main] INFO  org.testng.internal.Utils - [TestNG] Running:
  C:\Users\Moham\OneDrive\Documents\Shayesta\JavaSeleniumProject1\OpenCart\test-output\grouping.xml

17:40:42.082 [main] INFO  testcases.TC001_AccountRegisterTest - ****************Starting TC001_AccountRegisterTest*************************
17:40:43.147 [main] INFO  testcases.TC001_AccountRegisterTest - Clicked on Register Link
17:40:43.155 [main] INFO  testcases.TC001_AccountRegisterTest - Providing customer details...
17:40:49.196 [main] INFO  testcases.TC001_AccountRegisterTest - Validating excepcted message
17:40:49.305 [main] INFO  testcases.TC001_AccountRegisterTest - ****************End TC001_AccountRegisterTest*************************
17:40:53.840 [main] INFO  testcases.TC002_AccountLoginTest - ************Starting TC001_AccountLoginTest************ 
17:40:54.482 [main] INFO  testcases.TC002_AccountLoginTest - enter email, password and click login button
17:40:59.097 [main] INFO  testcases.TC002_AccountLoginTest - ****************Test Case completed**********************
