15:26:24.691 [main] DEBUG org.testng.TestNG - suiteXmlPath: "C:\Users\Moham\AppData\Local\Temp\testng-eclipse--1263878776\testng-customsuite.xml"
15:26:24.875 [main] INFO  org.testng.internal.Utils - [Utils] MethodGroupsHelper.collectMethodsByGroup() took 0 ms.
15:26:24.877 [main] INFO  org.testng.internal.Utils - [Utils] MethodGroupsHelper.sortMethods() took 1 ms.
15:26:24.878 [main] INFO  org.testng.internal.Utils - [Utils] MethodGroupsHelper.collectMethodsByGroup() took 0 ms.
15:26:24.879 [main] INFO  org.testng.internal.Utils - [Utils] MethodGroupsHelper.sortMethods() took 0 ms.
15:26:24.879 [main] INFO  org.testng.internal.Utils - [Utils] MethodGroupsHelper.collectMethodsByGroup() took 0 ms.
15:26:24.888 [main] INFO  org.testng.internal.Utils - [Utils] MethodGroupsHelper.sortMethods() took 0 ms.
15:26:24.888 [main] INFO  org.testng.internal.Utils - [Utils] MethodGroupsHelper.collectMethodsByGroup() took 0 ms.
15:26:24.888 [main] INFO  org.testng.internal.Utils - [Utils] MethodGroupsHelper.sortMethods() took 0 ms.
15:26:24.893 [main] INFO  org.testng.internal.Utils - [Utils] MethodGroupsHelper.collectMethodsByGroup() took 4 ms.
15:26:24.900 [main] INFO  org.testng.internal.Utils - [Utils] MethodGroupsHelper.sortMethods() took 7 ms.
15:26:24.901 [main] INFO  org.testng.internal.Utils - [Utils] MethodGroupsHelper.collectMethodsByGroup() took 0 ms.
15:26:24.902 [main] INFO  org.testng.internal.Utils - [Utils] MethodGroupsHelper.sortMethods() took 0 ms.
15:26:24.903 [main] INFO  org.testng.internal.Utils - [Utils] MethodGroupsHelper.collectMethodsByGroup() took 0 ms.
15:26:24.903 [main] INFO  org.testng.internal.Utils - [Utils] MethodGroupsHelper.sortMethods() took 0 ms.
15:26:24.903 [main] INFO  org.testng.internal.Utils - [Utils] MethodGroupsHelper.collectMethodsByGroup() took 0 ms.
15:26:24.903 [main] INFO  org.testng.internal.Utils - [Utils] MethodGroupsHelper.sortMethods() took 0 ms.
15:26:24.905 [main] INFO  org.testng.internal.Utils - [Utils] MethodGroupsHelper.collectMethodsByGroup() took 0 ms.
15:26:24.905 [main] INFO  org.testng.internal.Utils - [Utils] MethodGroupsHelper.sortMethods() took 0 ms.
15:26:24.906 [main] INFO  org.testng.internal.Utils - [Utils] MethodGroupsHelper.collectMethodsByGroup() took 0 ms.
15:26:24.906 [main] INFO  org.testng.internal.Utils - [Utils] MethodGroupsHelper.sortMethods() took 0 ms.
15:26:24.907 [main] INFO  org.testng.internal.Utils - [Utils] MethodGroupsHelper.collectMethodsByGroup() took 0 ms.
15:26:24.908 [main] INFO  org.testng.internal.Utils - [Utils] MethodGroupsHelper.sortMethods() took 0 ms.
15:26:24.908 [main] INFO  org.testng.internal.Utils - [Utils] MethodGroupsHelper.collectMethodsByGroup() took 0 ms.
15:26:24.908 [main] INFO  org.testng.internal.Utils - [Utils] MethodGroupsHelper.sortMethods() took 0 ms.
15:26:24.909 [main] INFO  org.testng.internal.Utils - [Utils] MethodGroupsHelper.collectMethodsByGroup() took 0 ms.
15:26:24.909 [main] INFO  org.testng.internal.Utils - [Utils] MethodGroupsHelper.sortMethods() took 0 ms.
15:26:24.910 [main] INFO  org.testng.internal.Utils - [Utils] MethodGroupsHelper.collectMethodsByGroup() took 0 ms.
15:26:24.910 [main] INFO  org.testng.internal.Utils - [Utils] MethodGroupsHelper.sortMethods() took 0 ms.
15:26:24.911 [main] INFO  org.testng.internal.Utils - [Utils] MethodGroupsHelper.collectMethodsByGroup() took 0 ms.
15:26:24.911 [main] INFO  org.testng.internal.Utils - [Utils] MethodGroupsHelper.sortMethods() took 0 ms.
15:26:24.917 [main] INFO  org.testng.internal.Utils - [TestNG] Running:
  C:\Users\Moham\AppData\Local\Temp\testng-eclipse--1263878776\testng-customsuite.xml

15:26:24.935 [main] INFO  org.testng.internal.Utils - [Utils] DynamicGraphHelper.createDynamicGraph() took 4 ms.
15:26:28.713 [main] INFO  testcases.TC001_AccountRegisterTest - ****************Starting TC001_AccountRegisterTest*************************
15:26:29.493 [main] INFO  testcases.TC001_AccountRegisterTest - Clicked on Register Link
15:26:29.496 [main] INFO  testcases.TC001_AccountRegisterTest - Providing customer details...
15:26:39.953 [main] INFO  org.testng.internal.Utils - [TestNG] Time taken by org.testng.reporters.jq.Main@4bff2185: 140 ms
15:26:39.977 [main] INFO  org.testng.internal.Utils - [TestNG] Time taken by org.testng.reporters.FailedReporter@3a095ec0: 24 ms
15:26:39.993 [main] INFO  org.testng.internal.Utils - [TestNG] Time taken by org.testng.reporters.XMLReporter@5226e402: 16 ms
15:26:40.003 [main] INFO  org.testng.internal.Utils - [TestNG] Time taken by org.testng.reporters.EmailableReporter2@13cd7ea5: 10 ms
15:26:40.022 [main] INFO  org.testng.internal.Utils - [TestNG] Time taken by org.testng.reporters.JUnitReportReporter@abbc908: 19 ms
15:26:40.022 [main] INFO  org.testng.internal.Utils - [TestNG] Time taken by org.testng.internal.ExitCodeListener@44afefd5: 0 ms
16:43:30.304 [main] DEBUG org.testng.TestNG - suiteXmlPath: "C:\Users\Moham\OneDrive\Documents\Shayesta\JavaSeleniumProject1\OpenCart\src\test\java\testcases\master.xml"
16:43:30.336 [main] WARN  org.testng.xml.TestNGContentHandler - It is strongly recommended to add "<!DOCTYPE suite SYSTEM "https://testng.org/testng-1.1.dtd" >" at the top of the suite file [C:\Users\Moham\OneDrive\Documents\Shayesta\JavaSeleniumProject1\OpenCart\src\test\java\testcases\master.xml] otherwise TestNG may fail or not work as expected.
16:43:30.554 [main] INFO  org.testng.internal.Utils - [TestNG] Running:
  C:\Users\Moham\OneDrive\Documents\Shayesta\JavaSeleniumProject1\OpenCart\src\test\java\testcases\master.xml

16:43:33.596 [main] INFO  testcases.TC001_AccountRegisterTest - ****************Starting TC001_AccountRegisterTest*************************
16:43:35.578 [main] INFO  testcases.TC001_AccountRegisterTest - Clicked on Register Link
16:43:35.581 [main] INFO  testcases.TC001_AccountRegisterTest - Providing customer details...
16:43:40.813 [main] INFO  testcases.TC001_AccountRegisterTest - Validating excepcted message
16:43:40.858 [main] ERROR testcases.TC001_AccountRegisterTest - Test Failed
16:43:40.858 [main] DEBUG testcases.TC001_AccountRegisterTest - Debug logs
16:46:23.809 [main] DEBUG org.testng.TestNG - suiteXmlPath: "C:\Users\Moham\OneDrive\Documents\Shayesta\JavaSeleniumProject1\OpenCart\src\test\java\testcases\master.xml"
16:46:23.830 [main] WARN  org.testng.xml.TestNGContentHandler - It is strongly recommended to add "<!DOCTYPE suite SYSTEM "https://testng.org/testng-1.1.dtd" >" at the top of the suite file [C:\Users\Moham\OneDrive\Documents\Shayesta\JavaSeleniumProject1\OpenCart\src\test\java\testcases\master.xml] otherwise TestNG may fail or not work as expected.
16:46:24.039 [main] INFO  org.testng.internal.Utils - [TestNG] Running:
  C:\Users\Moham\OneDrive\Documents\Shayesta\JavaSeleniumProject1\OpenCart\src\test\java\testcases\master.xml

16:46:28.906 [main] INFO  testcases.TC001_AccountRegisterTest - ****************Starting TC001_AccountRegisterTest*************************
16:46:29.625 [main] INFO  testcases.TC001_AccountRegisterTest - Clicked on Register Link
16:46:29.637 [main] INFO  testcases.TC001_AccountRegisterTest - Providing customer details...
16:46:42.781 [main] ERROR testcases.TC001_AccountRegisterTest - Test Failed
16:46:42.783 [main] DEBUG testcases.TC001_AccountRegisterTest - Debug logs
16:46:56.665 [main] DEBUG org.testng.TestNG - suiteXmlPath: "C:\Users\Moham\OneDrive\Documents\Shayesta\JavaSeleniumProject1\OpenCart\src\test\java\testcases\master.xml"
16:46:56.686 [main] WARN  org.testng.xml.TestNGContentHandler - It is strongly recommended to add "<!DOCTYPE suite SYSTEM "https://testng.org/testng-1.1.dtd" >" at the top of the suite file [C:\Users\Moham\OneDrive\Documents\Shayesta\JavaSeleniumProject1\OpenCart\src\test\java\testcases\master.xml] otherwise TestNG may fail or not work as expected.
16:46:56.892 [main] INFO  org.testng.internal.Utils - [TestNG] Running:
  C:\Users\Moham\OneDrive\Documents\Shayesta\JavaSeleniumProject1\OpenCart\src\test\java\testcases\master.xml

16:47:00.230 [main] INFO  testcases.TC001_AccountRegisterTest - ****************Starting TC001_AccountRegisterTest*************************
16:47:01.076 [main] INFO  testcases.TC001_AccountRegisterTest - Clicked on Register Link
16:47:01.078 [main] INFO  testcases.TC001_AccountRegisterTest - Providing customer details...
16:47:06.404 [main] INFO  testcases.TC001_AccountRegisterTest - Validating excepcted message
16:47:06.450 [main] INFO  testcases.TC001_AccountRegisterTest - ****************End TC001_AccountRegisterTest*************************
16:55:38.497 [main] DEBUG org.testng.TestNG - suiteXmlPath: "C:\Users\Moham\OneDrive\Documents\Shayesta\JavaSeleniumProject1\OpenCart\src\test\java\testcases\CrossBrowserTesting.xml"
16:55:38.514 [main] WARN  org.testng.xml.TestNGContentHandler - It is strongly recommended to add "<!DOCTYPE suite SYSTEM "https://testng.org/testng-1.1.dtd" >" at the top of the suite file [C:\Users\Moham\OneDrive\Documents\Shayesta\JavaSeleniumProject1\OpenCart\src\test\java\testcases\CrossBrowserTesting.xml] otherwise TestNG may fail or not work as expected.
16:55:38.743 [main] INFO  org.testng.internal.Utils - [TestNG] Running:
  C:\Users\Moham\OneDrive\Documents\Shayesta\JavaSeleniumProject1\OpenCart\src\test\java\testcases\CrossBrowserTesting.xml

16:55:42.348 [main] INFO  testcases.TC001_AccountRegisterTest - ****************Starting TC001_AccountRegisterTest*************************
16:55:43.018 [main] INFO  testcases.TC001_AccountRegisterTest - Clicked on Register Link
16:55:43.029 [main] INFO  testcases.TC001_AccountRegisterTest - Providing customer details...
16:55:52.250 [main] ERROR testcases.TC001_AccountRegisterTest - Test Failed
16:55:52.250 [main] DEBUG testcases.TC001_AccountRegisterTest - Debug logs
16:55:57.317 [main] INFO  testcases.TC001_AccountRegisterTest - ****************Starting TC001_AccountRegisterTest*************************
16:55:58.078 [main] INFO  testcases.TC001_AccountRegisterTest - Clicked on Register Link
16:55:58.079 [main] INFO  testcases.TC001_AccountRegisterTest - Providing customer details...
16:56:02.972 [main] INFO  testcases.TC001_AccountRegisterTest - Validating excepcted message
16:56:03.538 [main] INFO  testcases.TC001_AccountRegisterTest - ****************End TC001_AccountRegisterTest*************************
16:56:26.832 [main] INFO  testcases.TC001_AccountRegisterTest - ****************Starting TC001_AccountRegisterTest*************************
16:56:27.765 [main] INFO  testcases.TC001_AccountRegisterTest - Clicked on Register Link
16:56:27.766 [main] INFO  testcases.TC001_AccountRegisterTest - Providing customer details...
16:56:33.527 [main] ERROR testcases.TC001_AccountRegisterTest - Test Failed
16:56:33.527 [main] DEBUG testcases.TC001_AccountRegisterTest - Debug logs
13:15:50.036 [main] DEBUG org.testng.TestNG - suiteXmlPath: "C:\Users\Moham\AppData\Local\Temp\testng-eclipse-1426009486\testng-customsuite.xml"
13:15:50.674 [main] INFO  org.testng.internal.Utils - [Utils] MethodGroupsHelper.collectMethodsByGroup() took 1 ms.
13:15:50.682 [main] INFO  org.testng.internal.Utils - [Utils] MethodGroupsHelper.sortMethods() took 2 ms.
13:15:50.685 [main] INFO  org.testng.internal.Utils - [Utils] MethodGroupsHelper.collectMethodsByGroup() took 0 ms.
13:15:50.686 [main] INFO  org.testng.internal.Utils - [Utils] MethodGroupsHelper.sortMethods() took 0 ms.
13:15:50.687 [main] INFO  org.testng.internal.Utils - [Utils] MethodGroupsHelper.collectMethodsByGroup() took 0 ms.
13:15:50.688 [main] INFO  org.testng.internal.Utils - [Utils] MethodGroupsHelper.sortMethods() took 0 ms.
13:15:50.689 [main] INFO  org.testng.internal.Utils - [Utils] MethodGroupsHelper.collectMethodsByGroup() took 0 ms.
13:15:50.690 [main] INFO  org.testng.internal.Utils - [Utils] MethodGroupsHelper.sortMethods() took 0 ms.
13:15:50.706 [main] INFO  org.testng.internal.Utils - [Utils] MethodGroupsHelper.collectMethodsByGroup() took 13 ms.
13:15:50.729 [main] INFO  org.testng.internal.Utils - [Utils] MethodGroupsHelper.sortMethods() took 22 ms.
13:15:50.733 [main] INFO  org.testng.internal.Utils - [Utils] MethodGroupsHelper.collectMethodsByGroup() took 0 ms.
13:15:50.734 [main] INFO  org.testng.internal.Utils - [Utils] MethodGroupsHelper.sortMethods() took 1 ms.
13:15:50.736 [main] INFO  org.testng.internal.Utils - [Utils] MethodGroupsHelper.collectMethodsByGroup() took 0 ms.
13:15:50.737 [main] INFO  org.testng.internal.Utils - [Utils] MethodGroupsHelper.sortMethods() took 0 ms.
13:15:50.738 [main] INFO  org.testng.internal.Utils - [Utils] MethodGroupsHelper.collectMethodsByGroup() took 0 ms.
13:15:50.738 [main] INFO  org.testng.internal.Utils - [Utils] MethodGroupsHelper.sortMethods() took 0 ms.
13:15:50.741 [main] INFO  org.testng.internal.Utils - [Utils] MethodGroupsHelper.collectMethodsByGroup() took 0 ms.
13:15:50.742 [main] INFO  org.testng.internal.Utils - [Utils] MethodGroupsHelper.sortMethods() took 0 ms.
13:15:50.743 [main] INFO  org.testng.internal.Utils - [Utils] MethodGroupsHelper.collectMethodsByGroup() took 0 ms.
13:15:50.743 [main] INFO  org.testng.internal.Utils - [Utils] MethodGroupsHelper.sortMethods() took 0 ms.
13:15:50.751 [main] INFO  org.testng.internal.Utils - [Utils] MethodGroupsHelper.collectMethodsByGroup() took 0 ms.
13:15:50.752 [main] INFO  org.testng.internal.Utils - [Utils] MethodGroupsHelper.sortMethods() took 0 ms.
13:15:50.752 [main] INFO  org.testng.internal.Utils - [Utils] MethodGroupsHelper.collectMethodsByGroup() took 0 ms.
13:15:50.752 [main] INFO  org.testng.internal.Utils - [Utils] MethodGroupsHelper.sortMethods() took 0 ms.
13:15:50.755 [main] INFO  org.testng.internal.Utils - [Utils] MethodGroupsHelper.collectMethodsByGroup() took 0 ms.
13:15:50.756 [main] INFO  org.testng.internal.Utils - [Utils] MethodGroupsHelper.sortMethods() took 0 ms.
13:15:50.758 [main] INFO  org.testng.internal.Utils - [Utils] MethodGroupsHelper.collectMethodsByGroup() took 0 ms.
13:15:50.759 [main] INFO  org.testng.internal.Utils - [Utils] MethodGroupsHelper.sortMethods() took 0 ms.
13:15:50.759 [main] INFO  org.testng.internal.Utils - [Utils] MethodGroupsHelper.collectMethodsByGroup() took 0 ms.
13:15:50.759 [main] INFO  org.testng.internal.Utils - [Utils] MethodGroupsHelper.sortMethods() took 0 ms.
13:15:50.783 [main] INFO  org.testng.internal.Utils - [TestNG] Running:
  C:\Users\Moham\AppData\Local\Temp\testng-eclipse-1426009486\testng-customsuite.xml

13:15:50.830 [main] INFO  org.testng.internal.Utils - [Utils] DynamicGraphHelper.createDynamicGraph() took 11 ms.
13:15:51.352 [main] INFO  org.testng.internal.Utils - [TestNG] Time taken by org.testng.reporters.jq.Main@47a5b70d: 217 ms
13:15:51.384 [main] INFO  org.testng.internal.Utils - [TestNG] Time taken by org.testng.reporters.FailedReporter@4c4748bf: 31 ms
13:15:51.421 [main] INFO  org.testng.internal.Utils - [TestNG] Time taken by org.testng.reporters.XMLReporter@5c18016b: 36 ms
13:15:51.453 [main] INFO  org.testng.internal.Utils - [TestNG] Time taken by org.testng.reporters.EmailableReporter2@5c153b9e: 31 ms
13:15:51.481 [main] INFO  org.testng.internal.Utils - [TestNG] Time taken by org.testng.reporters.JUnitReportReporter@5644dc81: 27 ms
13:15:51.482 [main] INFO  org.testng.internal.Utils - [TestNG] Time taken by org.testng.internal.ExitCodeListener@246f8b8b: 0 ms
13:16:45.627 [main] DEBUG org.testng.TestNG - suiteXmlPath: "C:\Users\Moham\OneDrive\Documents\Shayesta\JavaSeleniumProject1\OpenCart\master.xml"
13:16:45.687 [main] WARN  org.testng.xml.TestNGContentHandler - It is strongly recommended to add "<!DOCTYPE suite SYSTEM "https://testng.org/testng-1.1.dtd" >" at the top of the suite file [C:\Users\Moham\OneDrive\Documents\Shayesta\JavaSeleniumProject1\OpenCart\master.xml] otherwise TestNG may fail or not work as expected.
13:16:46.282 [main] INFO  org.testng.internal.Utils - [TestNG] Running:
  C:\Users\Moham\OneDrive\Documents\Shayesta\JavaSeleniumProject1\OpenCart\master.xml

13:21:32.134 [main] DEBUG org.testng.TestNG - suiteXmlPath: "C:\Users\Moham\OneDrive\Documents\Shayesta\JavaSeleniumProject1\OpenCart\master.xml"
13:21:32.173 [main] WARN  org.testng.xml.TestNGContentHandler - It is strongly recommended to add "<!DOCTYPE suite SYSTEM "https://testng.org/testng-1.1.dtd" >" at the top of the suite file [C:\Users\Moham\OneDrive\Documents\Shayesta\JavaSeleniumProject1\OpenCart\master.xml] otherwise TestNG may fail or not work as expected.
13:21:32.866 [main] INFO  org.testng.internal.Utils - [TestNG] Running:
  C:\Users\Moham\OneDrive\Documents\Shayesta\JavaSeleniumProject1\OpenCart\master.xml

13:26:59.747 [main] DEBUG org.testng.TestNG - suiteXmlPath: "C:\Users\Moham\OneDrive\Documents\Shayesta\JavaSeleniumProject1\OpenCart\master.xml"
13:26:59.792 [main] WARN  org.testng.xml.TestNGContentHandler - It is strongly recommended to add "<!DOCTYPE suite SYSTEM "https://testng.org/testng-1.1.dtd" >" at the top of the suite file [C:\Users\Moham\OneDrive\Documents\Shayesta\JavaSeleniumProject1\OpenCart\master.xml] otherwise TestNG may fail or not work as expected.
13:27:00.372 [main] INFO  org.testng.internal.Utils - [TestNG] Running:
  C:\Users\Moham\OneDrive\Documents\Shayesta\JavaSeleniumProject1\OpenCart\master.xml

13:29:51.576 [main] DEBUG org.testng.TestNG - suiteXmlPath: "C:\Users\Moham\OneDrive\Documents\Shayesta\JavaSeleniumProject1\OpenCart\master.xml"
13:29:51.626 [main] WARN  org.testng.xml.TestNGContentHandler - It is strongly recommended to add "<!DOCTYPE suite SYSTEM "https://testng.org/testng-1.1.dtd" >" at the top of the suite file [C:\Users\Moham\OneDrive\Documents\Shayesta\JavaSeleniumProject1\OpenCart\master.xml] otherwise TestNG may fail or not work as expected.
13:29:52.315 [main] INFO  org.testng.internal.Utils - [TestNG] Running:
  C:\Users\Moham\OneDrive\Documents\Shayesta\JavaSeleniumProject1\OpenCart\master.xml

13:32:52.003 [main] DEBUG org.testng.TestNG - suiteXmlPath: "C:\Users\Moham\OneDrive\Documents\Shayesta\JavaSeleniumProject1\OpenCart\master.xml"
13:32:52.044 [main] WARN  org.testng.xml.TestNGContentHandler - It is strongly recommended to add "<!DOCTYPE suite SYSTEM "https://testng.org/testng-1.1.dtd" >" at the top of the suite file [C:\Users\Moham\OneDrive\Documents\Shayesta\JavaSeleniumProject1\OpenCart\master.xml] otherwise TestNG may fail or not work as expected.
13:32:52.714 [main] INFO  org.testng.internal.Utils - [TestNG] Running:
  C:\Users\Moham\OneDrive\Documents\Shayesta\JavaSeleniumProject1\OpenCart\master.xml

13:32:59.162 [main] INFO  testcases.TC001_AccountRegisterTest - ****************Starting TC001_AccountRegisterTest*************************
13:33:00.726 [main] INFO  testcases.TC001_AccountRegisterTest - Clicked on Register Link
13:33:00.766 [main] INFO  testcases.TC001_AccountRegisterTest - Providing customer details...
13:33:08.287 [main] INFO  testcases.TC001_AccountRegisterTest - Validating excepcted message
13:33:08.467 [main] INFO  testcases.TC001_AccountRegisterTest - ****************End TC001_AccountRegisterTest*************************
15:54:27.547 [main] DEBUG org.testng.TestNG - suiteXmlPath: "C:\Users\Moham\OneDrive\Documents\Shayesta\JavaSeleniumProject1\OpenCart\master.xml"
15:54:27.579 [main] WARN  org.testng.xml.TestNGContentHandler - It is strongly recommended to add "<!DOCTYPE suite SYSTEM "https://testng.org/testng-1.1.dtd" >" at the top of the suite file [C:\Users\Moham\OneDrive\Documents\Shayesta\JavaSeleniumProject1\OpenCart\master.xml] otherwise TestNG may fail or not work as expected.
15:54:27.932 [main] INFO  org.testng.internal.Utils - [TestNG] Running:
  C:\Users\Moham\OneDrive\Documents\Shayesta\JavaSeleniumProject1\OpenCart\master.xml

16:05:27.458 [main] DEBUG org.testng.TestNG - suiteXmlPath: "C:\Users\Moham\OneDrive\Documents\Shayesta\JavaSeleniumProject1\OpenCart\master.xml"
16:05:27.491 [main] WARN  org.testng.xml.TestNGContentHandler - It is strongly recommended to add "<!DOCTYPE suite SYSTEM "https://testng.org/testng-1.1.dtd" >" at the top of the suite file [C:\Users\Moham\OneDrive\Documents\Shayesta\JavaSeleniumProject1\OpenCart\master.xml] otherwise TestNG may fail or not work as expected.
16:05:27.719 [main] INFO  org.testng.internal.Utils - [TestNG] Running:
  C:\Users\Moham\OneDrive\Documents\Shayesta\JavaSeleniumProject1\OpenCart\master.xml

16:07:49.176 [main] DEBUG org.testng.TestNG - suiteXmlPath: "C:\Users\Moham\OneDrive\Documents\Shayesta\JavaSeleniumProject1\OpenCart\master.xml"
16:07:49.204 [main] WARN  org.testng.xml.TestNGContentHandler - It is strongly recommended to add "<!DOCTYPE suite SYSTEM "https://testng.org/testng-1.1.dtd" >" at the top of the suite file [C:\Users\Moham\OneDrive\Documents\Shayesta\JavaSeleniumProject1\OpenCart\master.xml] otherwise TestNG may fail or not work as expected.
16:07:49.486 [main] INFO  org.testng.internal.Utils - [TestNG] Running:
  C:\Users\Moham\OneDrive\Documents\Shayesta\JavaSeleniumProject1\OpenCart\master.xml

16:12:15.667 [main] DEBUG org.testng.TestNG - suiteXmlPath: "C:\Users\Moham\OneDrive\Documents\Shayesta\JavaSeleniumProject1\OpenCart\master.xml"
16:12:15.707 [main] WARN  org.testng.xml.TestNGContentHandler - It is strongly recommended to add "<!DOCTYPE suite SYSTEM "https://testng.org/testng-1.1.dtd" >" at the top of the suite file [C:\Users\Moham\OneDrive\Documents\Shayesta\JavaSeleniumProject1\OpenCart\master.xml] otherwise TestNG may fail or not work as expected.
16:12:16.277 [main] INFO  org.testng.internal.Utils - [TestNG] Running:
  C:\Users\Moham\OneDrive\Documents\Shayesta\JavaSeleniumProject1\OpenCart\master.xml

16:15:59.960 [main] DEBUG org.testng.TestNG - suiteXmlPath: "C:\Users\Moham\OneDrive\Documents\Shayesta\JavaSeleniumProject1\OpenCart\master.xml"
16:15:59.983 [main] WARN  org.testng.xml.TestNGContentHandler - It is strongly recommended to add "<!DOCTYPE suite SYSTEM "https://testng.org/testng-1.1.dtd" >" at the top of the suite file [C:\Users\Moham\OneDrive\Documents\Shayesta\JavaSeleniumProject1\OpenCart\master.xml] otherwise TestNG may fail or not work as expected.
16:16:00.258 [main] INFO  org.testng.internal.Utils - [TestNG] Running:
  C:\Users\Moham\OneDrive\Documents\Shayesta\JavaSeleniumProject1\OpenCart\master.xml

16:16:05.626 [main] INFO  testcases.TC001_AccountRegisterTest - ****************Starting TC001_AccountRegisterTest*************************
16:16:06.768 [main] INFO  testcases.TC001_AccountRegisterTest - Clicked on Register Link
16:16:06.777 [main] INFO  testcases.TC001_AccountRegisterTest - Providing customer details...
16:16:13.017 [main] INFO  testcases.TC001_AccountRegisterTest - Validating excepcted message
16:16:13.098 [main] INFO  testcases.TC001_AccountRegisterTest - ****************End TC001_AccountRegisterTest*************************
16:17:15.918 [main] DEBUG org.testng.TestNG - suiteXmlPath: "C:\Users\Moham\OneDrive\Documents\Shayesta\JavaSeleniumProject1\OpenCart\master.xml"
16:17:15.940 [main] WARN  org.testng.xml.TestNGContentHandler - It is strongly recommended to add "<!DOCTYPE suite SYSTEM "https://testng.org/testng-1.1.dtd" >" at the top of the suite file [C:\Users\Moham\OneDrive\Documents\Shayesta\JavaSeleniumProject1\OpenCart\master.xml] otherwise TestNG may fail or not work as expected.
16:17:16.175 [main] INFO  org.testng.internal.Utils - [TestNG] Running:
  C:\Users\Moham\OneDrive\Documents\Shayesta\JavaSeleniumProject1\OpenCart\master.xml

16:17:20.584 [main] INFO  testcases.TC001_AccountRegisterTest - ****************Starting TC001_AccountRegisterTest*************************
16:17:21.713 [main] INFO  testcases.TC001_AccountRegisterTest - Clicked on Register Link
16:17:21.716 [main] INFO  testcases.TC001_AccountRegisterTest - Providing customer details...
16:17:27.579 [main] INFO  testcases.TC001_AccountRegisterTest - Validating excepcted message
16:17:27.683 [main] INFO  testcases.TC001_AccountRegisterTest - ****************End TC001_AccountRegisterTest*************************
16:19:01.639 [main] DEBUG org.testng.TestNG - suiteXmlPath: "C:\Users\Moham\OneDrive\Documents\Shayesta\JavaSeleniumProject1\OpenCart\master.xml"
16:19:01.659 [main] WARN  org.testng.xml.TestNGContentHandler - It is strongly recommended to add "<!DOCTYPE suite SYSTEM "https://testng.org/testng-1.1.dtd" >" at the top of the suite file [C:\Users\Moham\OneDrive\Documents\Shayesta\JavaSeleniumProject1\OpenCart\master.xml] otherwise TestNG may fail or not work as expected.
16:19:01.888 [main] INFO  org.testng.internal.Utils - [TestNG] Running:
  C:\Users\Moham\OneDrive\Documents\Shayesta\JavaSeleniumProject1\OpenCart\master.xml

16:25:50.064 [main] DEBUG org.testng.TestNG - suiteXmlPath: "C:\Users\Moham\OneDrive\Documents\Shayesta\JavaSeleniumProject1\OpenCart\master.xml"
16:25:50.086 [main] WARN  org.testng.xml.TestNGContentHandler - It is strongly recommended to add "<!DOCTYPE suite SYSTEM "https://testng.org/testng-1.1.dtd" >" at the top of the suite file [C:\Users\Moham\OneDrive\Documents\Shayesta\JavaSeleniumProject1\OpenCart\master.xml] otherwise TestNG may fail or not work as expected.
16:25:50.352 [main] INFO  org.testng.internal.Utils - [TestNG] Running:
  C:\Users\Moham\OneDrive\Documents\Shayesta\JavaSeleniumProject1\OpenCart\master.xml

16:25:54.938 [main] INFO  testcases.TC001_AccountRegisterTest - ****************Starting TC001_AccountRegisterTest*************************
16:25:55.971 [main] INFO  testcases.TC001_AccountRegisterTest - Clicked on Register Link
16:25:55.976 [main] INFO  testcases.TC001_AccountRegisterTest - Providing customer details...
16:26:02.112 [main] INFO  testcases.TC001_AccountRegisterTest - Validating excepcted message
16:26:02.180 [main] INFO  testcases.TC001_AccountRegisterTest - ****************End TC001_AccountRegisterTest*************************
17:55:17.273 [main] DEBUG org.testng.TestNG - suiteXmlPath: "C:\Users\Moham\OneDrive\Documents\Shayesta\JavaSeleniumProject1\OpenCart\master.xml"
17:55:17.291 [main] WARN  org.testng.xml.TestNGContentHandler - It is strongly recommended to add "<!DOCTYPE suite SYSTEM "https://testng.org/testng-1.1.dtd" >" at the top of the suite file [C:\Users\Moham\OneDrive\Documents\Shayesta\JavaSeleniumProject1\OpenCart\master.xml] otherwise TestNG may fail or not work as expected.
17:55:47.333 [main] DEBUG org.testng.TestNG - suiteXmlPath: "C:\Users\Moham\OneDrive\Documents\Shayesta\JavaSeleniumProject1\OpenCart\master.xml"
17:55:47.344 [main] WARN  org.testng.xml.TestNGContentHandler - It is strongly recommended to add "<!DOCTYPE suite SYSTEM "https://testng.org/testng-1.1.dtd" >" at the top of the suite file [C:\Users\Moham\OneDrive\Documents\Shayesta\JavaSeleniumProject1\OpenCart\master.xml] otherwise TestNG may fail or not work as expected.
17:56:39.899 [main] DEBUG org.testng.TestNG - suiteXmlPath: "C:\Users\Moham\OneDrive\Documents\Shayesta\JavaSeleniumProject1\OpenCart\master.xml"
17:56:39.912 [main] WARN  org.testng.xml.TestNGContentHandler - It is strongly recommended to add "<!DOCTYPE suite SYSTEM "https://testng.org/testng-1.1.dtd" >" at the top of the suite file [C:\Users\Moham\OneDrive\Documents\Shayesta\JavaSeleniumProject1\OpenCart\master.xml] otherwise TestNG may fail or not work as expected.
17:56:40.161 [main] INFO  org.testng.internal.Utils - [TestNG] Running:
  C:\Users\Moham\OneDrive\Documents\Shayesta\JavaSeleniumProject1\OpenCart\master.xml

17:56:45.771 [main] INFO  testcases.TC001_AccountRegisterTest - ****************Starting TC001_AccountRegisterTest*************************
17:56:46.589 [main] INFO  testcases.TC001_AccountRegisterTest - Clicked on Register Link
17:56:46.594 [main] INFO  testcases.TC001_AccountRegisterTest - Providing customer details...
17:56:52.621 [main] INFO  testcases.TC001_AccountRegisterTest - Validating excepcted message
17:56:52.692 [main] INFO  testcases.TC001_AccountRegisterTest - ****************End TC001_AccountRegisterTest*************************
17:56:56.244 [main] INFO  testcases.TC002_AccountLoginTest - ************Starting TC001_AccountLoginTest************ 
17:56:56.782 [main] INFO  testcases.TC002_AccountLoginTest - enter email, password and click login button
17:59:54.332 [main] DEBUG org.testng.TestNG - suiteXmlPath: "C:\Users\Moham\OneDrive\Documents\Shayesta\JavaSeleniumProject1\OpenCart\master.xml"
17:59:54.346 [main] WARN  org.testng.xml.TestNGContentHandler - It is strongly recommended to add "<!DOCTYPE suite SYSTEM "https://testng.org/testng-1.1.dtd" >" at the top of the suite file [C:\Users\Moham\OneDrive\Documents\Shayesta\JavaSeleniumProject1\OpenCart\master.xml] otherwise TestNG may fail or not work as expected.
17:59:54.517 [main] INFO  org.testng.internal.Utils - [TestNG] Running:
  C:\Users\Moham\OneDrive\Documents\Shayesta\JavaSeleniumProject1\OpenCart\master.xml

17:59:58.748 [main] INFO  testcases.TC002_AccountLoginTest - ************Starting TC001_AccountLoginTest************ 
17:59:59.293 [main] INFO  testcases.TC002_AccountLoginTest - enter email, password and click login button
18:00:45.026 [main] DEBUG org.testng.TestNG - suiteXmlPath: "C:\Users\Moham\OneDrive\Documents\Shayesta\JavaSeleniumProject1\OpenCart\master.xml"
18:00:45.039 [main] WARN  org.testng.xml.TestNGContentHandler - It is strongly recommended to add "<!DOCTYPE suite SYSTEM "https://testng.org/testng-1.1.dtd" >" at the top of the suite file [C:\Users\Moham\OneDrive\Documents\Shayesta\JavaSeleniumProject1\OpenCart\master.xml] otherwise TestNG may fail or not work as expected.
18:00:45.196 [main] INFO  org.testng.internal.Utils - [TestNG] Running:
  C:\Users\Moham\OneDrive\Documents\Shayesta\JavaSeleniumProject1\OpenCart\master.xml

18:00:49.076 [main] INFO  testcases.TC002_AccountLoginTest - ************Starting TC001_AccountLoginTest************ 
18:00:49.638 [main] INFO  testcases.TC002_AccountLoginTest - enter email, password and click login button
18:00:54.017 [main] INFO  testcases.TC002_AccountLoginTest - ****************Test Case completed**********************
18:08:16.190 [main] DEBUG org.testng.TestNG - suiteXmlPath: "C:\Users\Moham\OneDrive\Documents\Shayesta\JavaSeleniumProject1\OpenCart\master.xml"
18:08:16.203 [main] WARN  org.testng.xml.TestNGContentHandler - It is strongly recommended to add "<!DOCTYPE suite SYSTEM "https://testng.org/testng-1.1.dtd" >" at the top of the suite file [C:\Users\Moham\OneDrive\Documents\Shayesta\JavaSeleniumProject1\OpenCart\master.xml] otherwise TestNG may fail or not work as expected.
18:08:16.383 [main] INFO  org.testng.internal.Utils - [TestNG] Running:
  C:\Users\Moham\OneDrive\Documents\Shayesta\JavaSeleniumProject1\OpenCart\master.xml

18:08:20.999 [main] INFO  testcases.TC002_AccountLoginTest - ************Starting TC001_AccountLoginTest************ 
18:08:21.539 [main] INFO  testcases.TC002_AccountLoginTest - enter email, password and click login button
18:08:26.531 [main] INFO  testcases.TC002_AccountLoginTest - ****************Test Case completed**********************
18:10:46.169 [main] DEBUG org.testng.TestNG - suiteXmlPath: "C:\Users\Moham\OneDrive\Documents\Shayesta\JavaSeleniumProject1\OpenCart\master.xml"
18:10:46.182 [main] WARN  org.testng.xml.TestNGContentHandler - It is strongly recommended to add "<!DOCTYPE suite SYSTEM "https://testng.org/testng-1.1.dtd" >" at the top of the suite file [C:\Users\Moham\OneDrive\Documents\Shayesta\JavaSeleniumProject1\OpenCart\master.xml] otherwise TestNG may fail or not work as expected.
18:10:46.358 [main] INFO  org.testng.internal.Utils - [TestNG] Running:
  C:\Users\Moham\OneDrive\Documents\Shayesta\JavaSeleniumProject1\OpenCart\master.xml

18:10:52.096 [main] INFO  testcases.TC002_AccountLoginTest - ************Starting TC001_AccountLoginTest************ 
18:10:52.664 [main] INFO  testcases.TC002_AccountLoginTest - enter email, password and click login button
18:10:57.170 [main] INFO  testcases.TC002_AccountLoginTest - ****************Test Case completed**********************
16:38:43.808 [main] DEBUG org.testng.TestNG - suiteXmlPath: "C:\Users\Moham\OneDrive\Documents\Shayesta\JavaSeleniumProject1\OpenCart\master.xml"
16:38:43.833 [main] WARN  org.testng.xml.TestNGContentHandler - It is strongly recommended to add "<!DOCTYPE suite SYSTEM "https://testng.org/testng-1.1.dtd" >" at the top of the suite file [C:\Users\Moham\OneDrive\Documents\Shayesta\JavaSeleniumProject1\OpenCart\master.xml] otherwise TestNG may fail or not work as expected.
16:38:44.155 [main] INFO  org.testng.internal.Utils - [TestNG] Running:
  C:\Users\Moham\OneDrive\Documents\Shayesta\JavaSeleniumProject1\OpenCart\master.xml

16:38:52.419 [main] INFO  testcases.TC002_AccountLoginTest - ************Starting TC001_AccountLoginTest************ 
16:38:53.227 [main] INFO  testcases.TC002_AccountLoginTest - enter email, password and click login button
16:38:57.929 [main] INFO  testcases.TC002_AccountLoginTest - ****************Test Case completed**********************
16:48:42.547 [main] DEBUG org.testng.TestNG - suiteXmlPath: "C:\Users\Moham\OneDrive\Documents\Shayesta\JavaSeleniumProject1\OpenCart\master.xml"
16:48:42.570 [main] WARN  org.testng.xml.TestNGContentHandler - It is strongly recommended to add "<!DOCTYPE suite SYSTEM "https://testng.org/testng-1.1.dtd" >" at the top of the suite file [C:\Users\Moham\OneDrive\Documents\Shayesta\JavaSeleniumProject1\OpenCart\master.xml] otherwise TestNG may fail or not work as expected.
16:48:42.874 [main] INFO  org.testng.internal.Utils - [TestNG] Running:
  C:\Users\Moham\OneDrive\Documents\Shayesta\JavaSeleniumProject1\OpenCart\master.xml

16:48:49.024 [main] INFO  testcases.TC002_AccountLoginTest - ************Starting TC001_AccountLoginTest************ 
16:48:51.169 [main] INFO  testcases.TC002_AccountLoginTest - enter email, password and click login button
16:48:55.845 [main] INFO  testcases.TC002_AccountLoginTest - ****************Test Case completed**********************
16:49:00.749 [main] DEBUG org.apache.poi.openxml4j.opc.PackageRelationshipCollection - Parsing relationship: /xl/_rels/workbook.xml.rels
16:49:00.761 [main] DEBUG org.apache.poi.openxml4j.opc.PackageRelationshipCollection - Parsing relationship: /xl/worksheets/_rels/sheet1.xml.rels
16:49:00.767 [main] DEBUG org.apache.poi.openxml4j.opc.PackageRelationshipCollection - Parsing relationship: /_rels/.rels
16:49:01.416 [main] DEBUG org.apache.poi.openxml4j.opc.PackageRelationshipCollection - Parsing relationship: /xl/_rels/workbook.xml.rels
16:49:01.416 [main] DEBUG org.apache.poi.openxml4j.opc.PackageRelationshipCollection - Parsing relationship: /xl/worksheets/_rels/sheet1.xml.rels
16:49:01.416 [main] DEBUG org.apache.poi.openxml4j.opc.PackageRelationshipCollection - Parsing relationship: /_rels/.rels
16:49:01.450 [main] DEBUG org.apache.poi.openxml4j.opc.PackageRelationshipCollection - Parsing relationship: /xl/_rels/workbook.xml.rels
16:49:01.455 [main] DEBUG org.apache.poi.openxml4j.opc.PackageRelationshipCollection - Parsing relationship: /xl/worksheets/_rels/sheet1.xml.rels
16:49:01.455 [main] DEBUG org.apache.poi.openxml4j.opc.PackageRelationshipCollection - Parsing relationship: /_rels/.rels
16:49:01.497 [main] DEBUG org.apache.poi.openxml4j.opc.PackageRelationshipCollection - Parsing relationship: /xl/_rels/workbook.xml.rels
16:49:01.497 [main] DEBUG org.apache.poi.openxml4j.opc.PackageRelationshipCollection - Parsing relationship: /xl/worksheets/_rels/sheet1.xml.rels
16:49:01.500 [main] DEBUG org.apache.poi.openxml4j.opc.PackageRelationshipCollection - Parsing relationship: /_rels/.rels
16:49:01.530 [main] DEBUG org.apache.poi.openxml4j.opc.PackageRelationshipCollection - Parsing relationship: /xl/_rels/workbook.xml.rels
16:49:01.530 [main] DEBUG org.apache.poi.openxml4j.opc.PackageRelationshipCollection - Parsing relationship: /xl/worksheets/_rels/sheet1.xml.rels
16:49:01.530 [main] DEBUG org.apache.poi.openxml4j.opc.PackageRelationshipCollection - Parsing relationship: /_rels/.rels
16:49:01.565 [main] DEBUG org.apache.poi.openxml4j.opc.PackageRelationshipCollection - Parsing relationship: /xl/_rels/workbook.xml.rels
16:49:01.565 [main] DEBUG org.apache.poi.openxml4j.opc.PackageRelationshipCollection - Parsing relationship: /xl/worksheets/_rels/sheet1.xml.rels
16:49:01.565 [main] DEBUG org.apache.poi.openxml4j.opc.PackageRelationshipCollection - Parsing relationship: /_rels/.rels
16:49:01.594 [main] DEBUG org.apache.poi.openxml4j.opc.PackageRelationshipCollection - Parsing relationship: /xl/_rels/workbook.xml.rels
16:49:01.596 [main] DEBUG org.apache.poi.openxml4j.opc.PackageRelationshipCollection - Parsing relationship: /xl/worksheets/_rels/sheet1.xml.rels
16:49:01.596 [main] DEBUG org.apache.poi.openxml4j.opc.PackageRelationshipCollection - Parsing relationship: /_rels/.rels
16:49:01.621 [main] DEBUG org.apache.poi.openxml4j.opc.PackageRelationshipCollection - Parsing relationship: /xl/_rels/workbook.xml.rels
16:49:01.621 [main] DEBUG org.apache.poi.openxml4j.opc.PackageRelationshipCollection - Parsing relationship: /xl/worksheets/_rels/sheet1.xml.rels
16:49:01.621 [main] DEBUG org.apache.poi.openxml4j.opc.PackageRelationshipCollection - Parsing relationship: /_rels/.rels
16:49:01.645 [main] DEBUG org.apache.poi.openxml4j.opc.PackageRelationshipCollection - Parsing relationship: /xl/_rels/workbook.xml.rels
16:49:01.645 [main] DEBUG org.apache.poi.openxml4j.opc.PackageRelationshipCollection - Parsing relationship: /xl/worksheets/_rels/sheet1.xml.rels
16:49:01.645 [main] DEBUG org.apache.poi.openxml4j.opc.PackageRelationshipCollection - Parsing relationship: /_rels/.rels
16:49:01.673 [main] DEBUG org.apache.poi.openxml4j.opc.PackageRelationshipCollection - Parsing relationship: /xl/_rels/workbook.xml.rels
16:49:01.673 [main] DEBUG org.apache.poi.openxml4j.opc.PackageRelationshipCollection - Parsing relationship: /xl/worksheets/_rels/sheet1.xml.rels
16:49:01.675 [main] DEBUG org.apache.poi.openxml4j.opc.PackageRelationshipCollection - Parsing relationship: /_rels/.rels
16:49:01.699 [main] DEBUG org.apache.poi.openxml4j.opc.PackageRelationshipCollection - Parsing relationship: /xl/_rels/workbook.xml.rels
16:49:01.699 [main] DEBUG org.apache.poi.openxml4j.opc.PackageRelationshipCollection - Parsing relationship: /xl/worksheets/_rels/sheet1.xml.rels
16:49:01.699 [main] DEBUG org.apache.poi.openxml4j.opc.PackageRelationshipCollection - Parsing relationship: /_rels/.rels
16:49:01.727 [main] DEBUG org.apache.poi.openxml4j.opc.PackageRelationshipCollection - Parsing relationship: /xl/_rels/workbook.xml.rels
16:49:01.727 [main] DEBUG org.apache.poi.openxml4j.opc.PackageRelationshipCollection - Parsing relationship: /xl/worksheets/_rels/sheet1.xml.rels
16:49:01.727 [main] DEBUG org.apache.poi.openxml4j.opc.PackageRelationshipCollection - Parsing relationship: /_rels/.rels
16:49:01.752 [main] DEBUG org.apache.poi.openxml4j.opc.PackageRelationshipCollection - Parsing relationship: /xl/_rels/workbook.xml.rels
16:49:01.752 [main] DEBUG org.apache.poi.openxml4j.opc.PackageRelationshipCollection - Parsing relationship: /xl/worksheets/_rels/sheet1.xml.rels
16:49:01.755 [main] DEBUG org.apache.poi.openxml4j.opc.PackageRelationshipCollection - Parsing relationship: /_rels/.rels
16:49:01.813 [main] DEBUG org.apache.poi.openxml4j.opc.PackageRelationshipCollection - Parsing relationship: /xl/_rels/workbook.xml.rels
16:49:01.813 [main] DEBUG org.apache.poi.openxml4j.opc.PackageRelationshipCollection - Parsing relationship: /xl/worksheets/_rels/sheet1.xml.rels
16:49:01.815 [main] DEBUG org.apache.poi.openxml4j.opc.PackageRelationshipCollection - Parsing relationship: /_rels/.rels
16:49:01.846 [main] DEBUG org.apache.poi.openxml4j.opc.PackageRelationshipCollection - Parsing relationship: /xl/_rels/workbook.xml.rels
16:49:01.848 [main] DEBUG org.apache.poi.openxml4j.opc.PackageRelationshipCollection - Parsing relationship: /xl/worksheets/_rels/sheet1.xml.rels
16:49:01.849 [main] DEBUG org.apache.poi.openxml4j.opc.PackageRelationshipCollection - Parsing relationship: /_rels/.rels
16:49:01.873 [main] DEBUG org.apache.poi.openxml4j.opc.PackageRelationshipCollection - Parsing relationship: /xl/_rels/workbook.xml.rels
16:49:01.874 [main] DEBUG org.apache.poi.openxml4j.opc.PackageRelationshipCollection - Parsing relationship: /xl/worksheets/_rels/sheet1.xml.rels
16:49:01.877 [main] DEBUG org.apache.poi.openxml4j.opc.PackageRelationshipCollection - Parsing relationship: /_rels/.rels
16:49:01.903 [main] DEBUG org.apache.poi.openxml4j.opc.PackageRelationshipCollection - Parsing relationship: /xl/_rels/workbook.xml.rels
16:49:01.905 [main] DEBUG org.apache.poi.openxml4j.opc.PackageRelationshipCollection - Parsing relationship: /xl/worksheets/_rels/sheet1.xml.rels
16:49:01.905 [main] DEBUG org.apache.poi.openxml4j.opc.PackageRelationshipCollection - Parsing relationship: /_rels/.rels
16:49:01.938 [main] INFO  testcases.TC003LoginDataDrivenTC - ************Starting TC003LoginDataDrivenTC************ 
16:49:02.705 [main] INFO  testcases.TC003LoginDataDrivenTC - enter email, password and click login button
16:49:08.277 [main] INFO  testcases.TC003LoginDataDrivenTC - ****************Test Case completed**********************
16:49:08.301 [main] INFO  testcases.TC003LoginDataDrivenTC - ************Starting TC003LoginDataDrivenTC************ 
16:49:09.025 [main] INFO  testcases.TC003LoginDataDrivenTC - enter email, password and click login button
16:49:14.696 [main] INFO  testcases.TC003LoginDataDrivenTC - ****************Test Case completed**********************
16:49:14.708 [main] INFO  testcases.TC003LoginDataDrivenTC - ************Starting TC003LoginDataDrivenTC************ 
16:49:15.322 [main] INFO  testcases.TC003LoginDataDrivenTC - enter email, password and click login button
16:49:20.848 [main] INFO  testcases.TC003LoginDataDrivenTC - ****************Test Case completed**********************
16:49:20.861 [main] INFO  testcases.TC003LoginDataDrivenTC - ************Starting TC003LoginDataDrivenTC************ 
16:49:21.464 [main] INFO  testcases.TC003LoginDataDrivenTC - enter email, password and click login button
16:49:26.983 [main] INFO  testcases.TC003LoginDataDrivenTC - ****************Test Case completed**********************
16:49:27.013 [main] INFO  testcases.TC003LoginDataDrivenTC - ************Starting TC003LoginDataDrivenTC************ 
16:49:27.725 [main] INFO  testcases.TC003LoginDataDrivenTC - enter email, password and click login button
16:49:33.357 [main] INFO  testcases.TC003LoginDataDrivenTC - ****************Test Case completed**********************
16:59:18.582 [main] DEBUG org.testng.TestNG - suiteXmlPath: "C:\Users\Moham\OneDrive\Documents\Shayesta\JavaSeleniumProject1\OpenCart\master.xml"
16:59:18.600 [main] WARN  org.testng.xml.TestNGContentHandler - It is strongly recommended to add "<!DOCTYPE suite SYSTEM "https://testng.org/testng-1.1.dtd" >" at the top of the suite file [C:\Users\Moham\OneDrive\Documents\Shayesta\JavaSeleniumProject1\OpenCart\master.xml] otherwise TestNG may fail or not work as expected.
16:59:18.819 [main] INFO  org.testng.internal.Utils - [TestNG] Running:
  C:\Users\Moham\OneDrive\Documents\Shayesta\JavaSeleniumProject1\OpenCart\master.xml

16:59:23.664 [main] INFO  testcases.TC002_AccountLoginTest - ************Starting TC001_AccountLoginTest************ 
16:59:24.307 [main] INFO  testcases.TC002_AccountLoginTest - enter email, password and click login button
16:59:29.076 [main] INFO  testcases.TC002_AccountLoginTest - ****************Test Case completed**********************
16:59:33.826 [main] DEBUG org.apache.poi.openxml4j.opc.PackageRelationshipCollection - Parsing relationship: /xl/_rels/workbook.xml.rels
16:59:33.833 [main] DEBUG org.apache.poi.openxml4j.opc.PackageRelationshipCollection - Parsing relationship: /xl/worksheets/_rels/sheet1.xml.rels
16:59:33.836 [main] DEBUG org.apache.poi.openxml4j.opc.PackageRelationshipCollection - Parsing relationship: /_rels/.rels
16:59:34.539 [main] DEBUG org.apache.poi.openxml4j.opc.PackageRelationshipCollection - Parsing relationship: /xl/_rels/workbook.xml.rels
16:59:34.539 [main] DEBUG org.apache.poi.openxml4j.opc.PackageRelationshipCollection - Parsing relationship: /xl/worksheets/_rels/sheet1.xml.rels
16:59:34.540 [main] DEBUG org.apache.poi.openxml4j.opc.PackageRelationshipCollection - Parsing relationship: /_rels/.rels
16:59:34.575 [main] DEBUG org.apache.poi.openxml4j.opc.PackageRelationshipCollection - Parsing relationship: /xl/_rels/workbook.xml.rels
16:59:34.577 [main] DEBUG org.apache.poi.openxml4j.opc.PackageRelationshipCollection - Parsing relationship: /xl/worksheets/_rels/sheet1.xml.rels
16:59:34.577 [main] DEBUG org.apache.poi.openxml4j.opc.PackageRelationshipCollection - Parsing relationship: /_rels/.rels
16:59:34.616 [main] DEBUG org.apache.poi.openxml4j.opc.PackageRelationshipCollection - Parsing relationship: /xl/_rels/workbook.xml.rels
16:59:34.620 [main] DEBUG org.apache.poi.openxml4j.opc.PackageRelationshipCollection - Parsing relationship: /xl/worksheets/_rels/sheet1.xml.rels
16:59:34.620 [main] DEBUG org.apache.poi.openxml4j.opc.PackageRelationshipCollection - Parsing relationship: /_rels/.rels
16:59:34.649 [main] DEBUG org.apache.poi.openxml4j.opc.PackageRelationshipCollection - Parsing relationship: /xl/_rels/workbook.xml.rels
16:59:34.651 [main] DEBUG org.apache.poi.openxml4j.opc.PackageRelationshipCollection - Parsing relationship: /xl/worksheets/_rels/sheet1.xml.rels
16:59:34.655 [main] DEBUG org.apache.poi.openxml4j.opc.PackageRelationshipCollection - Parsing relationship: /_rels/.rels
16:59:34.686 [main] DEBUG org.apache.poi.openxml4j.opc.PackageRelationshipCollection - Parsing relationship: /xl/_rels/workbook.xml.rels
16:59:34.686 [main] DEBUG org.apache.poi.openxml4j.opc.PackageRelationshipCollection - Parsing relationship: /xl/worksheets/_rels/sheet1.xml.rels
16:59:34.686 [main] DEBUG org.apache.poi.openxml4j.opc.PackageRelationshipCollection - Parsing relationship: /_rels/.rels
16:59:34.715 [main] DEBUG org.apache.poi.openxml4j.opc.PackageRelationshipCollection - Parsing relationship: /xl/_rels/workbook.xml.rels
16:59:34.715 [main] DEBUG org.apache.poi.openxml4j.opc.PackageRelationshipCollection - Parsing relationship: /xl/worksheets/_rels/sheet1.xml.rels
16:59:34.719 [main] DEBUG org.apache.poi.openxml4j.opc.PackageRelationshipCollection - Parsing relationship: /_rels/.rels
16:59:34.740 [main] DEBUG org.apache.poi.openxml4j.opc.PackageRelationshipCollection - Parsing relationship: /xl/_rels/workbook.xml.rels
16:59:34.742 [main] DEBUG org.apache.poi.openxml4j.opc.PackageRelationshipCollection - Parsing relationship: /xl/worksheets/_rels/sheet1.xml.rels
16:59:34.742 [main] DEBUG org.apache.poi.openxml4j.opc.PackageRelationshipCollection - Parsing relationship: /_rels/.rels
16:59:34.763 [main] DEBUG org.apache.poi.openxml4j.opc.PackageRelationshipCollection - Parsing relationship: /xl/_rels/workbook.xml.rels
16:59:34.766 [main] DEBUG org.apache.poi.openxml4j.opc.PackageRelationshipCollection - Parsing relationship: /xl/worksheets/_rels/sheet1.xml.rels
16:59:34.766 [main] DEBUG org.apache.poi.openxml4j.opc.PackageRelationshipCollection - Parsing relationship: /_rels/.rels
16:59:34.797 [main] DEBUG org.apache.poi.openxml4j.opc.PackageRelationshipCollection - Parsing relationship: /xl/_rels/workbook.xml.rels
16:59:34.801 [main] DEBUG org.apache.poi.openxml4j.opc.PackageRelationshipCollection - Parsing relationship: /xl/worksheets/_rels/sheet1.xml.rels
16:59:34.801 [main] DEBUG org.apache.poi.openxml4j.opc.PackageRelationshipCollection - Parsing relationship: /_rels/.rels
16:59:34.823 [main] DEBUG org.apache.poi.openxml4j.opc.PackageRelationshipCollection - Parsing relationship: /xl/_rels/workbook.xml.rels
16:59:34.823 [main] DEBUG org.apache.poi.openxml4j.opc.PackageRelationshipCollection - Parsing relationship: /xl/worksheets/_rels/sheet1.xml.rels
16:59:34.823 [main] DEBUG org.apache.poi.openxml4j.opc.PackageRelationshipCollection - Parsing relationship: /_rels/.rels
16:59:34.838 [main] DEBUG org.apache.poi.openxml4j.opc.PackageRelationshipCollection - Parsing relationship: /xl/_rels/workbook.xml.rels
16:59:34.838 [main] DEBUG org.apache.poi.openxml4j.opc.PackageRelationshipCollection - Parsing relationship: /xl/worksheets/_rels/sheet1.xml.rels
16:59:34.838 [main] DEBUG org.apache.poi.openxml4j.opc.PackageRelationshipCollection - Parsing relationship: /_rels/.rels
16:59:34.863 [main] DEBUG org.apache.poi.openxml4j.opc.PackageRelationshipCollection - Parsing relationship: /xl/_rels/workbook.xml.rels
16:59:34.863 [main] DEBUG org.apache.poi.openxml4j.opc.PackageRelationshipCollection - Parsing relationship: /xl/worksheets/_rels/sheet1.xml.rels
16:59:34.865 [main] DEBUG org.apache.poi.openxml4j.opc.PackageRelationshipCollection - Parsing relationship: /_rels/.rels
16:59:34.885 [main] DEBUG org.apache.poi.openxml4j.opc.PackageRelationshipCollection - Parsing relationship: /xl/_rels/workbook.xml.rels
16:59:34.885 [main] DEBUG org.apache.poi.openxml4j.opc.PackageRelationshipCollection - Parsing relationship: /xl/worksheets/_rels/sheet1.xml.rels
16:59:34.892 [main] DEBUG org.apache.poi.openxml4j.opc.PackageRelationshipCollection - Parsing relationship: /_rels/.rels
16:59:34.910 [main] DEBUG org.apache.poi.openxml4j.opc.PackageRelationshipCollection - Parsing relationship: /xl/_rels/workbook.xml.rels
16:59:34.912 [main] DEBUG org.apache.poi.openxml4j.opc.PackageRelationshipCollection - Parsing relationship: /xl/worksheets/_rels/sheet1.xml.rels
16:59:34.912 [main] DEBUG org.apache.poi.openxml4j.opc.PackageRelationshipCollection - Parsing relationship: /_rels/.rels
16:59:34.928 [main] DEBUG org.apache.poi.openxml4j.opc.PackageRelationshipCollection - Parsing relationship: /xl/_rels/workbook.xml.rels
16:59:34.928 [main] DEBUG org.apache.poi.openxml4j.opc.PackageRelationshipCollection - Parsing relationship: /xl/worksheets/_rels/sheet1.xml.rels
